<?xml version="1.0" encoding="UTF-8"?>
<!-- Generated by org.testng.reporters.JUnitReportReporter -->
<testsuite hostname="Lenovo-PC" failures="0" tests="2" name="Hemant.HomePage" time="78.476" errors="0" timestamp="25 May 2019 20:28:49 GMT" skipped="0">
  <testcase classname="Hemant.HomePage" name="basePageNavigation" time="46.800"/>
  <testcase classname="Hemant.HomePage" name="basePageNavigation" time="31.676"/>
</testsuite> <!-- Hemant.HomePage -->
